[INFO|crawling.py:77] [2024/04/04 | AM 09:10:00] > start
[INFO|crawling.py:15] [2024/04/04 | AM 09:10:00] > #sec01 dl.step
[INFO|crawling.py:30] [2024/04/04 | AM 09:10:01] > 주의
[INFO|crawling.py:77] [2024/04/04 | AM 09:20:00] > start
[INFO|crawling.py:15] [2024/04/04 | AM 09:20:00] > #sec01 dl.step
[INFO|crawling.py:30] [2024/04/04 | AM 09:20:01] > 주의
[INFO|crawling.py:77] [2024/04/04 | AM 09:30:00] > start
[INFO|crawling.py:15] [2024/04/04 | AM 09:30:00] > #sec01 dl.step
[INFO|crawling.py:30] [2024/04/04 | AM 09:30:01] > 주의
[INFO|crawling.py:77] [2024/04/04 | AM 09:40:00] > start
[INFO|crawling.py:15] [2024/04/04 | AM 09:40:00] > #sec01 dl.step
[INFO|crawling.py:30] [2024/04/04 | AM 09:40:01] > 주의
[INFO|crawling.py:77] [2024/04/04 | AM 09:50:01] > start
[INFO|crawling.py:15] [2024/04/04 | AM 09:50:01] > #sec01 dl.step
[INFO|crawling.py:30] [2024/04/04 | AM 09:50:01] > 주의
[INFO|crawling.py:77] [2024/04/04 | AM 10:00:01] > start
[INFO|crawling.py:15] [2024/04/04 | AM 10:00:01] > #sec01 dl.step
[INFO|crawling.py:30] [2024/04/04 | AM 10:00:01] > 주의
[INFO|crawling.py:77] [2024/04/04 | AM 10:10:01] > start
[INFO|crawling.py:15] [2024/04/04 | AM 10:10:01] > #sec01 dl.step
[INFO|crawling.py:30] [2024/04/04 | AM 10:10:01] > 주의
[INFO|crawling.py:77] [2024/04/04 | AM 10:20:01] > start
[INFO|crawling.py:15] [2024/04/04 | AM 10:20:01] > #sec01 dl.step
[INFO|crawling.py:30] [2024/04/04 | AM 10:20:01] > 주의
[INFO|crawling.py:77] [2024/04/04 | AM 10:30:00] > start
[INFO|crawling.py:15] [2024/04/04 | AM 10:30:00] > #sec01 dl.step
[INFO|crawling.py:30] [2024/04/04 | AM 10:30:00] > 주의
[INFO|crawling.py:77] [2024/04/04 | AM 10:40:00] > start
[INFO|crawling.py:15] [2024/04/04 | AM 10:40:00] > #sec01 dl.step
[INFO|crawling.py:30] [2024/04/04 | AM 10:40:00] > 주의
[INFO|crawling.py:77] [2024/04/04 | AM 10:50:00] > start
[INFO|crawling.py:15] [2024/04/04 | AM 10:50:00] > #sec01 dl.step
[INFO|crawling.py:30] [2024/04/04 | AM 10:50:00] > 주의
[INFO|crawling.py:77] [2024/04/04 | AM 11:00:00] > start
[INFO|crawling.py:15] [2024/04/04 | AM 11:00:00] > #sec01 dl.step
[INFO|crawling.py:30] [2024/04/04 | AM 11:00:00] > 주의
[INFO|crawling.py:77] [2024/04/04 | AM 11:10:00] > start
[INFO|crawling.py:15] [2024/04/04 | AM 11:10:00] > #sec01 dl.step
[INFO|crawling.py:30] [2024/04/04 | AM 11:10:00] > 주의
[INFO|crawling.py:77] [2024/04/04 | AM 11:20:00] > start
[INFO|crawling.py:15] [2024/04/04 | AM 11:20:00] > #sec01 dl.step
[INFO|crawling.py:30] [2024/04/04 | AM 11:20:00] > 주의
[INFO|crawling.py:77] [2024/04/04 | AM 11:30:00] > start
[INFO|crawling.py:15] [2024/04/04 | AM 11:30:00] > #sec01 dl.step
[INFO|crawling.py:30] [2024/04/04 | AM 11:30:00] > 주의
[INFO|crawling.py:77] [2024/04/04 | AM 11:40:00] > start
[INFO|crawling.py:15] [2024/04/04 | AM 11:40:00] > #sec01 dl.step
[INFO|crawling.py:30] [2024/04/04 | AM 11:40:00] > 주의
[INFO|crawling.py:77] [2024/04/04 | AM 11:50:00] > start
[INFO|crawling.py:15] [2024/04/04 | AM 11:50:00] > #sec01 dl.step
[INFO|crawling.py:30] [2024/04/04 | AM 11:50:00] > 주의
[INFO|crawling.py:77] [2024/04/04 | PM 12:00:00] > start
[INFO|crawling.py:15] [2024/04/04 | PM 12:00:00] > #sec01 dl.step
[INFO|crawling.py:30] [2024/04/04 | PM 12:00:00] > 주의
[INFO|crawling.py:77] [2024/04/04 | PM 12:10:00] > start
[INFO|crawling.py:15] [2024/04/04 | PM 12:10:00] > #sec01 dl.step
[INFO|crawling.py:30] [2024/04/04 | PM 12:10:00] > 주의
[INFO|crawling.py:77] [2024/04/04 | PM 12:20:00] > start
[INFO|crawling.py:15] [2024/04/04 | PM 12:20:00] > #sec01 dl.step
[INFO|crawling.py:30] [2024/04/04 | PM 12:20:01] > 주의
[INFO|crawling.py:77] [2024/04/04 | PM 12:30:00] > start
[INFO|crawling.py:15] [2024/04/04 | PM 12:30:00] > #sec01 dl.step
[INFO|crawling.py:30] [2024/04/04 | PM 12:30:01] > 주의
[INFO|crawling.py:77] [2024/04/04 | PM 12:40:01] > start
[INFO|crawling.py:15] [2024/04/04 | PM 12:40:01] > #sec01 dl.step
[INFO|crawling.py:30] [2024/04/04 | PM 12:40:01] > 주의
[INFO|crawling.py:77] [2024/04/04 | PM 12:50:01] > start
[INFO|crawling.py:15] [2024/04/04 | PM 12:50:01] > #sec01 dl.step
[INFO|crawling.py:30] [2024/04/04 | PM 12:50:01] > 주의
[INFO|crawling.py:77] [2024/04/04 | PM 13:00:01] > start
[INFO|crawling.py:15] [2024/04/04 | PM 13:00:01] > #sec01 dl.step
[INFO|crawling.py:30] [2024/04/04 | PM 13:00:01] > 주의
[INFO|crawling.py:77] [2024/04/04 | PM 13:10:00] > start
[INFO|crawling.py:15] [2024/04/04 | PM 13:10:00] > #sec01 dl.step
[INFO|crawling.py:30] [2024/04/04 | PM 13:10:01] > 주의
[INFO|crawling.py:77] [2024/04/04 | PM 13:20:01] > start
[INFO|crawling.py:15] [2024/04/04 | PM 13:20:01] > #sec01 dl.step
[INFO|crawling.py:30] [2024/04/04 | PM 13:20:01] > 주의
[INFO|crawling.py:77] [2024/04/04 | PM 13:30:01] > start
[INFO|crawling.py:15] [2024/04/04 | PM 13:30:01] > #sec01 dl.step
[INFO|crawling.py:30] [2024/04/04 | PM 13:30:01] > 주의
